[2025-05-14T20:09:55.987Z] Error: could not detect network (event="noNetwork", code=NETWORK_ERROR, version=providers/5.8.0)
    at Logger.makeError (C:\flashbot-bot\node_modules\@ethersproject\logger\src.ts\index.ts:269:28)
    at Logger.throwError (C:\flashbot-bot\node_modules\@ethersproject\logger\src.ts\index.ts:281:20)
    at JsonRpcProvider.<anonymous> (C:\flashbot-bot\node_modules\@ethersproject\providers\src.ts\json-rpc-provider.ts:483:23)
    at step (C:\flashbot-bot\node_modules\@ethersproject\providers\lib\json-rpc-provider.js:48:23)
    at Object.throw (C:\flashbot-bot\node_modules\@ethersproject\providers\lib\json-rpc-provider.js:29:53)
    at rejected (C:\flashbot-bot\node_modules\@ethersproject\providers\lib\json-rpc-provider.js:21:65)
    at processTicksAndRejections (node:internal/process/task_queues:105:5)
[2025-05-14T20:10:04.001Z] Error: could not detect network (event="noNetwork", code=NETWORK_ERROR, version=providers/5.8.0)
    at Logger.makeError (C:\flashbot-bot\node_modules\@ethersproject\logger\src.ts\index.ts:269:28)
    at Logger.throwError (C:\flashbot-bot\node_modules\@ethersproject\logger\src.ts\index.ts:281:20)
    at JsonRpcProvider.<anonymous> (C:\flashbot-bot\node_modules\@ethersproject\providers\src.ts\json-rpc-provider.ts:483:23)
    at step (C:\flashbot-bot\node_modules\@ethersproject\providers\lib\json-rpc-provider.js:48:23)
    at Object.throw (C:\flashbot-bot\node_modules\@ethersproject\providers\lib\json-rpc-provider.js:29:53)
    at rejected (C:\flashbot-bot\node_modules\@ethersproject\providers\lib\json-rpc-provider.js:21:65)
    at processTicksAndRejections (node:internal/process/task_queues:105:5)
[2025-05-14T20:10:12.005Z] Error: could not detect network (event="noNetwork", code=NETWORK_ERROR, version=providers/5.8.0)
    at Logger.makeError (C:\flashbot-bot\node_modules\@ethersproject\logger\src.ts\index.ts:269:28)
    at Logger.throwError (C:\flashbot-bot\node_modules\@ethersproject\logger\src.ts\index.ts:281:20)
    at JsonRpcProvider.<anonymous> (C:\flashbot-bot\node_modules\@ethersproject\providers\src.ts\json-rpc-provider.ts:483:23)
    at step (C:\flashbot-bot\node_modules\@ethersproject\providers\lib\json-rpc-provider.js:48:23)
    at Object.throw (C:\flashbot-bot\node_modules\@ethersproject\providers\lib\json-rpc-provider.js:29:53)
    at rejected (C:\flashbot-bot\node_modules\@ethersproject\providers\lib\json-rpc-provider.js:21:65)
    at processTicksAndRejections (node:internal/process/task_queues:105:5)
